2022-12-22 11:22:33,499 INFO o.s.b.StartupInfoLogger [restartedMain] Starting BelajarJpa2Application using Java 17.0.5 on DESKTOP-IGFCVCO with PID 25784 (E:\Work\pro sigmaka\Prodemy\Kelas Spring Boot\belajarJPA2\target\classes started by My Laptop in E:\Work\pro sigmaka\Prodemy\Kelas Spring Boot\belajarJPA2)
2022-12-22 11:22:33,511 INFO o.s.b.SpringApplication [restartedMain] No active profile set, falling back to 1 default profile: "default"
2022-12-22 11:22:33,593 INFO o.s.b.l.DeferredLog [restartedMain] Devtools property defaults active! Set 'spring.devtools.add-properties' to 'false' to disable
2022-12-22 11:22:33,593 INFO o.s.b.l.DeferredLog [restartedMain] For additional web related logging consider setting the 'logging.level.web' property to 'DEBUG'
2022-12-22 11:22:34,700 INFO o.s.d.r.c.RepositoryConfigurationDelegate [restartedMain] Bootstrapping Spring Data JPA repositories in DEFAULT mode.
2022-12-22 11:22:34,819 INFO o.s.d.r.c.RepositoryConfigurationDelegate [restartedMain] Finished Spring Data repository scanning in 101 ms. Found 1 JPA repository interfaces.
2022-12-22 11:22:35,963 INFO o.s.b.w.e.t.TomcatWebServer [restartedMain] Tomcat initialized with port(s): 8080 (http)
2022-12-22 11:22:35,991 INFO o.a.j.l.DirectJDKLog [restartedMain] Initializing ProtocolHandler ["http-nio-8080"]
2022-12-22 11:22:35,993 INFO o.a.j.l.DirectJDKLog [restartedMain] Starting service [Tomcat]
2022-12-22 11:22:35,994 INFO o.a.j.l.DirectJDKLog [restartedMain] Starting Servlet engine: [Apache Tomcat/9.0.69]
2022-12-22 11:22:36,256 INFO o.a.j.l.DirectJDKLog [restartedMain] At least one JAR was scanned for TLDs yet contained no TLDs. Enable debug logging for this logger for a complete list of JARs that were scanned but no TLDs were found in them. Skipping unneeded JARs during scanning can improve startup time and JSP compilation time.
2022-12-22 11:22:36,274 INFO o.a.j.l.DirectJDKLog [restartedMain] Initializing Spring embedded WebApplicationContext
2022-12-22 11:22:36,275 INFO o.s.b.w.s.c.ServletWebServerApplicationContext [restartedMain] Root WebApplicationContext: initialization completed in 2597 ms
2022-12-22 11:22:36,506 INFO o.h.j.i.u.LogHelper [restartedMain] HHH000204: Processing PersistenceUnitInfo [name: default]
2022-12-22 11:22:36,601 INFO o.h.Version [restartedMain] HHH000412: Hibernate ORM core version 5.6.14.Final
2022-12-22 11:22:36,857 INFO o.h.a.c.r.j.JavaReflectionManager [restartedMain] HCANN000001: Hibernate Commons Annotations {5.1.2.Final}
2022-12-22 11:22:37,011 INFO c.z.h.HikariDataSource [restartedMain] HikariPool-1 - Starting...
2022-12-22 11:22:37,342 INFO c.z.h.HikariDataSource [restartedMain] HikariPool-1 - Start completed.
2022-12-22 11:22:37,370 INFO o.h.d.Dialect [restartedMain] HHH000400: Using dialect: org.hibernate.dialect.PostgreSQLDialect
2022-12-22 11:22:38,408 INFO o.h.e.t.j.p.i.JtaPlatformInitiator [restartedMain] HHH000490: Using JtaPlatform implementation: [org.hibernate.engine.transaction.jta.platform.internal.NoJtaPlatform]
2022-12-22 11:22:38,424 INFO o.s.o.j.AbstractEntityManagerFactoryBean [restartedMain] Initialized JPA EntityManagerFactory for persistence unit 'default'
2022-12-22 11:22:38,895 WARN o.s.b.a.o.j.JpaBaseConfiguration$JpaWebConfiguration [restartedMain] spring.jpa.open-in-view is enabled by default. Therefore, database queries may be performed during view rendering. Explicitly configure spring.jpa.open-in-view to disable this warning
2022-12-22 11:22:39,338 INFO o.s.b.d.a.OptionalLiveReloadServer [restartedMain] LiveReload server is running on port 35729
2022-12-22 11:22:39,362 INFO o.a.j.l.DirectJDKLog [restartedMain] Starting ProtocolHandler ["http-nio-8080"]
2022-12-22 11:22:39,408 INFO o.s.b.w.e.t.TomcatWebServer [restartedMain] Tomcat started on port(s): 8080 (http) with context path ''
2022-12-22 11:22:39,428 INFO o.s.b.StartupInfoLogger [restartedMain] Started BelajarJpa2Application in 6.62 seconds (JVM running for 8.281)
2022-12-22 11:22:51,548 INFO o.a.j.l.DirectJDKLog [http-nio-8080-exec-1] Initializing Spring DispatcherServlet 'dispatcherServlet'
2022-12-22 11:22:51,548 INFO o.s.w.s.FrameworkServlet [http-nio-8080-exec-1] Initializing Servlet 'dispatcherServlet'
2022-12-22 11:22:51,551 INFO o.s.w.s.FrameworkServlet [http-nio-8080-exec-1] Completed initialization in 2 ms
2022-12-22 11:22:51,580 INFO c.p.c.MahasiswaController [http-nio-8080-exec-1] An INFO Message
2022-12-22 11:22:51,581 WARN c.p.c.MahasiswaController [http-nio-8080-exec-1] A WARN Message
2022-12-22 11:22:51,581 ERROR c.p.c.MahasiswaController [http-nio-8080-exec-1] An ERROR Message
2022-12-22 11:28:07,337 INFO o.s.b.d.a.LocalDevToolsAutoConfiguration$RestartingClassPathChangeChangedEventListener [File Watcher] Restarting due to 1 class path change (0 additions, 0 deletions, 1 modification)
2022-12-22 11:28:07,432 INFO o.a.j.l.DirectJDKLog [Thread-5] Pausing ProtocolHandler ["http-nio-8080"]
2022-12-22 11:28:07,433 INFO o.a.j.l.DirectJDKLog [Thread-5] Stopping service [Tomcat]
2022-12-22 11:28:07,440 INFO o.a.j.l.DirectJDKLog [Thread-5] Destroying Spring FrameworkServlet 'dispatcherServlet'
2022-12-22 11:28:07,454 INFO o.a.j.l.DirectJDKLog [Thread-5] Stopping ProtocolHandler ["http-nio-8080"]
2022-12-22 11:28:07,461 INFO o.a.j.l.DirectJDKLog [Thread-5] Destroying ProtocolHandler ["http-nio-8080"]
2022-12-22 11:28:07,471 INFO o.s.o.j.AbstractEntityManagerFactoryBean [Thread-5] Closing JPA EntityManagerFactory for persistence unit 'default'
2022-12-22 11:28:07,487 INFO c.z.h.HikariDataSource [Thread-5] HikariPool-1 - Shutdown initiated...
2022-12-22 11:28:07,499 INFO c.z.h.HikariDataSource [Thread-5] HikariPool-1 - Shutdown completed.
